{"message":" 游놓  Starting server in production mode   游놓 ","level":"info","timestamp":"2019-12-07 23:24:50"}
{"message":"Logger set to DI Container","level":"info","timestamp":"2019-12-07 23:24:50"}
{"message":"express loaded","level":"info","timestamp":"2019-12-07 23:24:50"}
{"message":"mongoose loaded","level":"info","timestamp":"2019-12-07 23:24:50"}
{"message":" 游눆 Finished loading dependencies 游눆","level":"info","timestamp":"2019-12-07 23:24:50"}
{"message":" 游댠 Listening on http://localhost:4000 游댠","level":"info","timestamp":"2019-12-07 23:24:50"}
{"message":" 游놓  Starting server in production mode   游놓 ","level":"info","timestamp":"2019-12-19 08:40:30"}
{"message":"Logger set to DI Container","level":"info","timestamp":"2019-12-19 08:40:30"}
{"message":"express loaded","level":"info","timestamp":"2019-12-19 08:40:30"}
{"message":"mongoose loaded","level":"info","timestamp":"2019-12-19 08:40:30"}
{"message":" 游눆 Finished loading dependencies 游눆","level":"info","timestamp":"2019-12-19 08:40:30"}
{"message":" 游댠 Listening on http://localhost:4000 游댠","level":"info","timestamp":"2019-12-19 08:40:30"}
{"message":" 游놓  Starting server in production mode   游놓 ","level":"info","timestamp":"2019-12-19 08:41:59"}
{"message":"Logger set to DI Container","level":"info","timestamp":"2019-12-19 08:41:59"}
{"message":"express loaded","level":"info","timestamp":"2019-12-19 08:42:00"}
{"message":"mongoose loaded","level":"info","timestamp":"2019-12-19 08:42:00"}
{"message":" 游눆 Finished loading dependencies 游눆","level":"info","timestamp":"2019-12-19 08:42:00"}
{"message":" 游댠 Listening on http://localhost:4000 游댠","level":"info","timestamp":"2019-12-19 08:42:00"}
{"message":" 游놓  Starting server in production mode   游놓 ","level":"info","timestamp":"2019-12-19 08:56:07"}
{"message":"Logger set to DI Container","level":"info","timestamp":"2019-12-19 08:56:07"}
{"message":"express loaded","level":"info","timestamp":"2019-12-19 08:56:07"}
{"message":"mongoose loaded","level":"info","timestamp":"2019-12-19 08:56:10"}
{"message":" 游눆 Finished loading dependencies 游눆","level":"info","timestamp":"2019-12-19 08:56:10"}
{"message":" 游댠 Listening on http://localhost:4000 游댠","level":"info","timestamp":"2019-12-19 08:56:10"}
{"message":" 游놓  Starting server in production mode   游놓 ","level":"info","timestamp":"2019-12-19 08:57:47"}
{"message":"Logger set to DI Container","level":"info","timestamp":"2019-12-19 08:57:47"}
{"message":"express loaded","level":"info","timestamp":"2019-12-19 08:57:47"}
{"message":"mongoose loaded","level":"info","timestamp":"2019-12-19 08:57:50"}
{"message":" 游눆 Finished loading dependencies 游눆","level":"info","timestamp":"2019-12-19 08:57:50"}
{"message":" 游댠 Listening on http://localhost:4000 游댠","level":"info","timestamp":"2019-12-19 08:57:50"}
{"message":" 游놓  Starting server in undefined mode   游놓 ","level":"info","timestamp":"2019-12-19 09:00:58"}
{"message":"Logger set to DI Container","level":"info","timestamp":"2019-12-19 09:00:58"}
{"message":"express loaded","level":"info","timestamp":"2019-12-19 09:00:58"}
{"message":"mongoose loaded","level":"info","timestamp":"2019-12-19 09:00:58"}
{"message":" 游눆 Finished loading dependencies 游눆","level":"info","timestamp":"2019-12-19 09:00:58"}
{"message":" 游댠 Listening on http://localhost:4000 游댠","level":"info","timestamp":"2019-12-19 09:00:58"}
{"message":" 游놓  Starting server in undefined mode   游놓 ","level":"info","timestamp":"2019-12-19 06:10:51"}
{"message":"Logger set to DI Container","level":"info","timestamp":"2019-12-19 06:10:51"}
{"message":"express loaded","level":"info","timestamp":"2019-12-19 06:10:51"}
{"message":" 游놓  Starting server in undefined mode   游놓 ","level":"info","timestamp":"2019-12-19 06:11:23"}
{"message":"Logger set to DI Container","level":"info","timestamp":"2019-12-19 06:11:23"}
{"message":"express loaded","level":"info","timestamp":"2019-12-19 06:11:23"}
{"message":" 游놓  Starting server in undefined mode   游놓 ","level":"info","timestamp":"2019-12-19 11:44:34"}
{"message":"Logger set to DI Container","level":"info","timestamp":"2019-12-19 11:44:34"}
{"message":"express loaded","level":"info","timestamp":"2019-12-19 11:44:34"}
{"message":"mongoose loaded","level":"info","timestamp":"2019-12-19 11:44:34"}
{"message":" 游눆 Finished loading dependencies 游눆","level":"info","timestamp":"2019-12-19 11:44:34"}
{"message":" 游댠 Listening on http://localhost:4000 游댠","level":"info","timestamp":"2019-12-19 11:44:34"}
{"message":" 游놓  Starting server in undefined mode   游놓 ","level":"info","timestamp":"2019-12-19 11:46:10"}
{"message":"Logger set to DI Container","level":"info","timestamp":"2019-12-19 11:46:10"}
{"message":"express loaded","level":"info","timestamp":"2019-12-19 11:46:10"}
{"message":"mongoose loaded","level":"info","timestamp":"2019-12-19 11:46:10"}
{"message":" 游눆 Finished loading dependencies 游눆","level":"info","timestamp":"2019-12-19 11:46:10"}
{"message":" 游댠 Listening on http://localhost:3000 游댠","level":"info","timestamp":"2019-12-19 11:46:10"}
{"message":" 游놓  Starting server in undefined mode   游놓 ","level":"info","timestamp":"2019-12-19 11:51:56"}
{"message":"Logger set to DI Container","level":"info","timestamp":"2019-12-19 11:51:56"}
{"message":"express loaded","level":"info","timestamp":"2019-12-19 11:51:56"}
{"message":"mongoose loaded","level":"info","timestamp":"2019-12-19 11:51:56"}
{"message":" 游눆 Finished loading dependencies 游눆","level":"info","timestamp":"2019-12-19 11:51:56"}
{"message":" 游댠 Listening on http://localhost:3000 游댠","level":"info","timestamp":"2019-12-19 11:51:56"}
{"message":" 游놓  Starting server in undefined mode   游놓 ","level":"info","timestamp":"2019-12-19 11:53:47"}
{"message":"Logger set to DI Container","level":"info","timestamp":"2019-12-19 11:53:47"}
{"message":"express loaded","level":"info","timestamp":"2019-12-19 11:53:47"}
{"message":"mongoose loaded","level":"info","timestamp":"2019-12-19 11:53:47"}
{"message":" 游눆 Finished loading dependencies 游눆","level":"info","timestamp":"2019-12-19 11:53:47"}
{"message":" 游댠 Listening on http://localhost:3000 游댠","level":"info","timestamp":"2019-12-19 11:53:47"}
{"message":" 游놓  Starting server in undefined mode   游놓 ","level":"info","timestamp":"2019-12-19 11:54:30"}
{"message":"Logger set to DI Container","level":"info","timestamp":"2019-12-19 11:54:30"}
{"message":"express loaded","level":"info","timestamp":"2019-12-19 11:54:30"}
{"message":"mongoose loaded","level":"info","timestamp":"2019-12-19 11:54:30"}
{"message":" 游눆 Finished loading dependencies 游눆","level":"info","timestamp":"2019-12-19 11:54:30"}
{"message":" 游댠 Listening on http://localhost:3000 游댠","level":"info","timestamp":"2019-12-19 11:54:30"}
{"message":" 游놓  Starting server in undefined mode   游놓 ","level":"info","timestamp":"2019-12-19 11:54:46"}
{"message":"Logger set to DI Container","level":"info","timestamp":"2019-12-19 11:54:46"}
{"message":"express loaded","level":"info","timestamp":"2019-12-19 11:54:46"}
{"message":"mongoose loaded","level":"info","timestamp":"2019-12-19 11:54:46"}
{"message":" 游눆 Finished loading dependencies 游눆","level":"info","timestamp":"2019-12-19 11:54:46"}
{"message":" 游댠 Listening on http://localhost:3000 游댠","level":"info","timestamp":"2019-12-19 11:54:46"}
{"message":" 游놓  Starting server in undefined mode   游놓 ","level":"info","timestamp":"2019-12-19 12:20:03"}
{"message":"Logger set to DI Container","level":"info","timestamp":"2019-12-19 12:20:03"}
{"message":"express loaded","level":"info","timestamp":"2019-12-19 12:20:03"}
{"message":"mongoose loaded","level":"info","timestamp":"2019-12-19 12:20:03"}
{"message":" 游눆 Finished loading dependencies 游눆","level":"info","timestamp":"2019-12-19 12:20:03"}
{"message":" 游댠 Listening on http://localhost:3000 游댠","level":"info","timestamp":"2019-12-19 12:20:03"}
{"message":" 游놓  Starting server in undefined mode   游놓 ","level":"info","timestamp":"2019-12-19 12:24:22"}
{"message":"Logger set to DI Container","level":"info","timestamp":"2019-12-19 12:24:22"}
{"message":"express loaded","level":"info","timestamp":"2019-12-19 12:24:22"}
{"message":"mongoose loaded","level":"info","timestamp":"2019-12-19 12:24:22"}
{"message":" 游눆 Finished loading dependencies 游눆","level":"info","timestamp":"2019-12-19 12:24:22"}
{"message":" 游댠 Listening on http://localhost:3000 游댠","level":"info","timestamp":"2019-12-19 12:24:22"}
